WARNING: A restricted method in java.lang.System has been called
WARNING: java.lang.System::load has been called by org.fusesource.jansi.internal.JansiLoader in an unnamed module (file:/C:/Users/Eu/tools/apache-maven-3.9.9/lib/jansi-2.4.1.jar)
WARNING: Use --enable-native-access=ALL-UNNAMED to avoid a warning for callers in this module
WARNING: Restricted methods will be blocked in a future release unless native access is enabled

WARNING: A terminally deprecated method in sun.misc.Unsafe has been called
WARNING: sun.misc.Unsafe::objectFieldOffset has been called by com.google.common.util.concurrent.AbstractFuture$UnsafeAtomicHelper (file:/C:/Users/Eu/tools/apache-maven-3.9.9/lib/guava-33.2.1-jre.jar)
WARNING: Please consider reporting this to the maintainers of class com.google.common.util.concurrent.AbstractFuture$UnsafeAtomicHelper
WARNING: sun.misc.Unsafe::objectFieldOffset will be removed in a future release

  .   ____          _            __ _ _
 /\\ / ___'_ __ _ _(_)_ __  __ _ \ \ \ \
( ( )\___ | '_ | '_| | '_ \/ _` | \ \ \ \
 \\/  ___)| |_)| | | | | || (_| |  ) ) ) )
  '  |____| .__|_| |_|_| |_\__, | / / / /
 =========|_|==============|___/=/_/_/_/

 :: Spring Boot ::                (v4.1.0)

2026-07-13T02:33:45.910+02:00  INFO 7756 --- [civstudio-server] [           main] com.civstudio.server.ServerMain          : Starting ServerMain using Java 25.0.3 with PID 7756 (C:\Code\eos\civstudio-server\target\classes started by Eu in C:\Code\eos)
2026-07-13T02:33:45.930+02:00  INFO 7756 --- [civstudio-server] [           main] com.civstudio.server.ServerMain          : No active profile set, falling back to 1 default profile: "default"
2026-07-13T02:33:48.622+02:00  INFO 7756 --- [civstudio-server] [           main] o.s.boot.tomcat.TomcatWebServer          : Tomcat initialized with port 8080 (http)
2026-07-13T02:33:48.648+02:00  INFO 7756 --- [civstudio-server] [           main] o.apache.catalina.core.StandardService   : Starting service [Tomcat]
2026-07-13T02:33:48.649+02:00  INFO 7756 --- [civstudio-server] [           main] o.apache.catalina.core.StandardEngine    : Starting Servlet engine: [Apache Tomcat/11.0.22]
2026-07-13T02:33:48.800+02:00  INFO 7756 --- [civstudio-server] [           main] b.w.c.s.WebApplicationContextInitializer : Root WebApplicationContext: initialization completed in 2751 ms
2026-07-13T02:33:51.078+02:00  INFO 7756 --- [civstudio-server] [           main] o.s.b.a.e.web.EndpointLinksResolver      : Exposing 3 endpoints beneath base path '/actuator'
2026-07-13T02:33:51.211+02:00  INFO 7756 --- [civstudio-server] [           main] o.s.boot.tomcat.TomcatWebServer          : Tomcat started on port 8080 (http) with context path '/'
2026-07-13T02:33:51.229+02:00  INFO 7756 --- [civstudio-server] [           main] com.civstudio.server.ServerMain          : Started ServerMain in 6.167 seconds (process running for 6.878)
2026-07-13T02:33:52.683+02:00  INFO 7756 --- [civstudio-server] [           main] com.civstudio.server.DemoSessionSeeder   : seeded demo session caravan-demo-7654321 (6 caravans, ~10000ms/tick)
2026-07-13T02:34:14.493+02:00  INFO 7756 --- [civstudio-server] [omcat-handler-1] o.s.web.servlet.DispatcherServlet        : Initializing Servlet 'dispatcherServlet'
2026-07-13T02:34:14.499+02:00  INFO 7756 --- [civstudio-server] [omcat-handler-1] o.s.web.servlet.DispatcherServlet        : Completed initialization in 4 ms
